<?xml version="1.0" encoding="UTF-8"?>
<!-- Generated by org.testng.reporters.JUnitReportReporter -->
<testsuite skipped="0" hostname="master" name="com.rough.RoughTest" tests="2" failures="0" timestamp="2021-11-12T22:33:49 EST" time="5.464" errors="0">
  <testcase name="testOne" time="5.457" classname="com.rough.RoughTest"/>
  <system-out/>
  <testcase name="click_on_homepage_header" time="0.007" classname="com.rough.RoughTest"/>
  <system-out/>
</testsuite> <!-- com.rough.RoughTest -->
